{
  "stats": {
    "suites": 1,
    "tests": 1,
    "passes": 1,
    "pending": 0,
    "failures": 0,
    "start": "2024-04-29T13:21:52.829Z",
    "end": "2024-04-29T13:21:53.293Z",
    "duration": 464,
    "testsRegistered": 1,
    "passPercent": 100,
    "pendingPercent": 0,
    "other": 0,
    "hasOther": false,
    "skipped": 0,
    "hasSkipped": false
  },
  "results": [
    {
      "uuid": "b8b89834-5466-4e24-ab19-5c5d733fd768",
      "title": "",
      "fullFile": "cypress\\integration\\examples\\API_Test.js",
      "file": "cypress\\integration\\examples\\API_Test.js",
      "beforeHooks": [],
      "afterHooks": [],
      "tests": [],
      "suites": [
        {
          "uuid": "ed35a6d7-7052-4cdb-8db7-c1391ef543f0",
          "title": "Testing API",
          "fullFile": "",
          "file": "",
          "beforeHooks": [],
          "afterHooks": [],
          "tests": [
            {
              "title": "Request API",
              "fullTitle": "Testing API Request API",
              "timedOut": null,
              "duration": 412,
              "state": "passed",
              "speed": "fast",
              "pass": true,
              "fail": false,
              "pending": false,
              "context": null,
              "code": "cy.request('POST', 'http://216.10.245.166/Library/Addbook.php', {\n  \"name\": \"Learn Appium Automation with Java\",\n  \"isbn\": \"bcdsss\",\n  \"aisle\": \"22s7\",\n  \"author\": \"John foe\"\n}).then(function (res) {\n  expect(res.body).to.have.property('Msg', 'successfully added');\n  // expect(res.body).to.have.length(500);\n  expect(res.status).to.be.eq(200);\n  expect(res).to.have.property('headers');\n  expect(res).to.have.property('duration');\n});",
              "err": {},
              "uuid": "4ca9779e-001b-472a-8d48-07561ad88b5b",
              "parentUUID": "ed35a6d7-7052-4cdb-8db7-c1391ef543f0",
              "isHook": false,
              "skipped": false
            }
          ],
          "suites": [],
          "passes": [
            "4ca9779e-001b-472a-8d48-07561ad88b5b"
          ],
          "failures": [],
          "pending": [],
          "skipped": [],
          "duration": 412,
          "root": false,
          "rootEmpty": false,
          "_timeout": 2000
        }
      ],
      "passes": [],
      "failures": [],
      "pending": [],
      "skipped": [],
      "duration": 0,
      "root": true,
      "rootEmpty": true,
      "_timeout": 2000
    }
  ],
  "meta": {
    "mocha": {
      "version": "7.0.1"
    },
    "mochawesome": {
      "options": {
        "quiet": false,
        "reportFilename": "mochawesome",
        "saveHtml": true,
        "saveJson": true,
        "consoleReporter": "spec",
        "useInlineDiffs": false,
        "code": true
      },
      "version": "7.1.3"
    },
    "marge": {
      "options": null,
      "version": "6.2.0"
    }
  }
}